<?xml version="1.0" encoding="UTF-8"?>
<!-- Generated by org.testng.reporters.JUnitReportReporter -->
<testsuite hostname="LAPTOP-VLFG77PT" failures="0" tests="1" name="com.reportcrud.castortest.ReportTaskCRUD" time="0.298" errors="0" timestamp="2024-07-15T22:50:35 COT" skipped="0">
  <testcase classname="com.reportcrud.castortest.ReportTaskCRUD" name="Delete" time="0.298"/>
</testsuite> <!-- com.reportcrud.castortest.ReportTaskCRUD -->
