<?xml version="1.0" encoding="UTF-8"?>
<!-- Generated by org.testng.reporters.JUnitReportReporter -->
<testsuite hostname="LAPTOP-VLFG77PT" failures="0" tests="2" name="com.castor.crudtest.UpdateTask" time="1.269" errors="0" timestamp="2024-07-16T15:38:37 COT" skipped="0">
  <testcase classname="com.castor.crudtest.UpdateTask" name="UpdateWithoutMinimumCharacters" time="0.522"/>
  <testcase classname="com.castor.crudtest.UpdateTask" name="Update" time="0.747"/>
</testsuite> <!-- com.castor.crudtest.UpdateTask -->
