<?xml version="1.0" encoding="UTF-8"?>
<!-- Generated by org.testng.reporters.JUnitReportReporter -->
<testsuite hostname="LAPTOP-VLFG77PT" failures="0" tests="1" name="com.castor.crudtest.DeleteTask" time="0.473" errors="0" timestamp="2024-07-16T15:38:37 COT" skipped="0">
  <testcase classname="com.castor.crudtest.DeleteTask" name="Delete" time="0.473"/>
</testsuite> <!-- com.castor.crudtest.DeleteTask -->
