<?xml version="1.0" encoding="UTF-8"?>
<!-- Generated by org.testng.reporters.JUnitReportReporter -->
<testsuite hostname="LAPTOP-VLFG77PT" failures="0" tests="6" name="com.castor.crudtest.TasksCRUD" time="1.889" errors="0" timestamp="2024-07-15T22:39:25 COT" skipped="0">
  <testcase classname="com.castor.crudtest.TasksCRUD" name="CreateWithoutText" time="0.228"/>
  <testcase classname="com.castor.crudtest.TasksCRUD" name="Create" time="0.367"/>
  <testcase classname="com.castor.crudtest.TasksCRUD" name="Update" time="0.451"/>
  <testcase classname="com.castor.crudtest.TasksCRUD" name="UpdateWithoutMinimumCharacters" time="0.316"/>
  <testcase classname="com.castor.crudtest.TasksCRUD" name="Delete" time="0.229"/>
  <testcase classname="com.castor.crudtest.TasksCRUD" name="CreateWithoutMinimumCharacters" time="0.298"/>
</testsuite> <!-- com.castor.crudtest.TasksCRUD -->
